# JRE version: Java(TM) SE Runtime Environment (8.0_25-b17) (build 1.8.0_25-b17)
# Java VM: Java HotSpot(TM) 64-Bit Server VM (25.25-b02 mixed mode bsd-amd64 compressed oops)
Heap:
 PSYoungGen      total 43520K, used 4272K [0x00000007aab00000, 0x00000007b4e00000, 0x00000007c0000000)
  eden space 43008K, 9% used [0x00000007aab00000,0x00000007aaf0c030,0x00000007ad500000)
  from space 512K, 25% used [0x00000007b4d00000,0x00000007b4d20000,0x00000007b4d80000)
  to   space 512K, 0% used [0x00000007b4d80000,0x00000007b4d80000,0x00000007b4e00000)
 ParOldGen       total 44032K, used 10373K [0x0000000780000000, 0x0000000782b00000, 0x00000007aab00000)
  object space 44032K, 23% used [0x0000000780000000,0x0000000780a214d0,0x0000000782b00000)
 Metaspace       used 13461K, capacity 13682K, committed 13824K, reserved 1060864K
  class space    used 1639K, capacity 1693K, committed 1792K, reserved 1048576K
GC Heap History (10 events):
Event: 20.947 GC heap before
{Heap before GC invocations=120 (full 0):
 PSYoungGen      total 22016K, used 21600K [0x00000007aab00000, 0x00000007b4e00000, 0x00000007c0000000)
  eden space 21504K, 100% used [0x00000007aab00000,0x00000007ac000000,0x00000007ac000000)
  from space 512K, 18% used [0x00000007b4d00000,0x00000007b4d18000,0x00000007b4d80000)
  to   space 512K, 0% used [0x00000007b4d80000,0x00000007b4d80000,0x00000007b4e00000)
 ParOldGen       total 44032K, used 9325K [0x0000000780000000, 0x0000000782b00000, 0x00000007aab00000)
  object space 44032K, 21% used [0x0000000780000000,0x000000078091b458,0x0000000782b00000)
 Metaspace       used 13394K, capacity 13554K, committed 13824K, reserved 1060864K
  class space    used 1639K, capacity 1693K, committed 1792K, reserved 1048576K
Event: 20.948 GC heap after
Heap after GC invocations=120 (full 0):
 PSYoungGen      total 21504K, used 128K [0x00000007aab00000, 0x00000007b4e00000, 0x00000007c0000000)
  eden space 20992K, 0% used [0x00000007aab00000,0x00000007aab00000,0x00000007abf80000)
  from space 512K, 25% used [0x00000007b4d80000,0x00000007b4da0000,0x00000007b4e00000)
  to   space 512K, 0% used [0x00000007b4d00000,0x00000007b4d00000,0x00000007b4d80000)
 ParOldGen       total 44032K, used 9325K [0x0000000780000000, 0x0000000782b00000, 0x00000007aab00000)
  object space 44032K, 21% used [0x0000000780000000,0x000000078091b458,0x0000000782b00000)
 Metaspace       used 13394K, capacity 13554K, committed 13824K, reserved 1060864K
  class space    used 1639K, capacity 1693K, committed 1792K, reserved 1048576K
}
Event: 21.025 GC heap before
{Heap before GC invocations=121 (full 0):
 PSYoungGen      total 21504K, used 21120K [0x00000007aab00000, 0x00000007b4e00000, 0x00000007c0000000)
  eden space 20992K, 100% used [0x00000007aab00000,0x00000007abf80000,0x00000007abf80000)
  from space 512K, 25% used [0x00000007b4d80000,0x00000007b4da0000,0x00000007b4e00000)
  to   space 512K, 0% used [0x00000007b4d00000,0x00000007b4d00000,0x00000007b4d80000)
 ParOldGen       total 44032K, used 9325K [0x0000000780000000, 0x0000000782b00000, 0x00000007aab00000)
  object space 44032K, 21% used [0x0000000780000000,0x000000078091b458,0x0000000782b00000)
 Metaspace       used 13394K, capacity 13554K, committed 13824K, reserved 1060864K
  class space    used 1639K, capacity 1693K, committed 1792K, reserved 1048576K
Event: 21.025 GC heap after
Heap after GC invocations=121 (full 0):
 PSYoungGen      total 20992K, used 96K [0x00000007aab00000, 0x00000007b4e00000, 0x00000007c0000000)
  eden space 20480K, 0% used [0x00000007aab00000,0x00000007aab00000,0x00000007abf00000)
  from space 512K, 18% used [0x00000007b4d00000,0x00000007b4d18000,0x00000007b4d80000)
  to   space 512K, 0% used [0x00000007b4d80000,0x00000007b4d80000,0x00000007b4e00000)
 ParOldGen       total 44032K, used 9325K [0x0000000780000000, 0x0000000782b00000, 0x00000007aab00000)
  object space 44032K, 21% used [0x0000000780000000,0x000000078091b458,0x0000000782b00000)
 Metaspace       used 13394K, capacity 13554K, committed 13824K, reserved 1060864K
  class space    used 1639K, capacity 1693K, committed 1792K, reserved 1048576K
}
Event: 21.154 GC heap before
{Heap before GC invocations=122 (full 0):
 PSYoungGen      total 20992K, used 20576K [0x00000007aab00000, 0x00000007b4e00000, 0x00000007c0000000)
  eden space 20480K, 100% used [0x00000007aab00000,0x00000007abf00000,0x00000007abf00000)
  from space 512K, 18% used [0x00000007b4d00000,0x00000007b4d18000,0x00000007b4d80000)
  to   space 512K, 0% used [0x00000007b4d80000,0x00000007b4d80000,0x00000007b4e00000)
 ParOldGen       total 44032K, used 9325K [0x0000000780000000, 0x0000000782b00000, 0x00000007aab00000)
  object space 44032K, 21% used [0x0000000780000000,0x000000078091b458,0x0000000782b00000)
 Metaspace       used 13452K, capacity 13682K, committed 13824K, reserved 1060864K
  class space    used 1639K, capacity 1693K, committed 1792K, reserved 1048576K
Event: 21.157 GC heap after
Heap after GC invocations=122 (full 0):
 PSYoungGen      total 25088K, used 512K [0x00000007aab00000, 0x00000007b4e00000, 0x00000007c0000000)
  eden space 24576K, 0% used [0x00000007aab00000,0x00000007aab00000,0x00000007ac300000)
  from space 512K, 100% used [0x00000007b4d80000,0x00000007b4e00000,0x00000007b4e00000)
  to   space 512K, 0% used [0x00000007b4d00000,0x00000007b4d00000,0x00000007b4d80000)
 ParOldGen       total 44032K, used 9733K [0x0000000780000000, 0x0000000782b00000, 0x00000007aab00000)
  object space 44032K, 22% used [0x0000000780000000,0x00000007809814a0,0x0000000782b00000)
 Metaspace       used 13452K, capacity 13682K, committed 13824K, reserved 1060864K
  class space    used 1639K, capacity 1693K, committed 1792K, reserved 1048576K
}
Event: 21.254 GC heap before
{Heap before GC invocations=123 (full 0):
 PSYoungGen      total 25088K, used 25088K [0x00000007aab00000, 0x00000007b4e00000, 0x00000007c0000000)
  eden space 24576K, 100% used [0x00000007aab00000,0x00000007ac300000,0x00000007ac300000)
  from space 512K, 100% used [0x00000007b4d80000,0x00000007b4e00000,0x00000007b4e00000)
  to   space 512K, 0% used [0x00000007b4d00000,0x00000007b4d00000,0x00000007b4d80000)
 ParOldGen       total 44032K, used 9733K [0x0000000780000000, 0x0000000782b00000, 0x00000007aab00000)
  object space 44032K, 22% used [0x0000000780000000,0x00000007809814a0,0x0000000782b00000)
 Metaspace       used 13461K, capacity 13682K, committed 13824K, reserved 1060864K
  class space    used 1639K, capacity 1693K, committed 1792K, reserved 1048576K
Event: 21.256 GC heap after
Heap after GC invocations=123 (full 0):
 PSYoungGen      total 30208K, used 192K [0x00000007aab00000, 0x00000007b4e00000, 0x00000007c0000000)
  eden space 29696K, 0% used [0x00000007aab00000,0x00000007aab00000,0x00000007ac800000)
  from space 512K, 37% used [0x00000007b4d00000,0x00000007b4d30000,0x00000007b4d80000)
  to   space 512K, 0% used [0x00000007b4d80000,0x00000007b4d80000,0x00000007b4e00000)
 ParOldGen       total 44032K, used 10245K [0x0000000780000000, 0x0000000782b00000, 0x00000007aab00000)
  object space 44032K, 23% used [0x0000000780000000,0x0000000780a014d0,0x0000000782b00000)
 Metaspace       used 13461K, capacity 13682K, committed 13824K, reserved 1060864K
  class space    used 1639K, capacity 1693K, committed 1792K, reserved 1048576K
}
Event: 21.361 GC heap before
{Heap before GC invocations=124 (full 0):
 PSYoungGen      total 30208K, used 29888K [0x00000007aab00000, 0x00000007b4e00000, 0x00000007c0000000)
  eden space 29696K, 100% used [0x00000007aab00000,0x00000007ac800000,0x00000007ac800000)
  from space 512K, 37% used [0x00000007b4d00000,0x00000007b4d30000,0x00000007b4d80000)
  to   space 512K, 0% used [0x00000007b4d80000,0x00000007b4d80000,0x00000007b4e00000)
 ParOldGen       total 44032K, used 10245K [0x0000000780000000, 0x0000000782b00000, 0x00000007aab00000)
  object space 44032K, 23% used [0x0000000780000000,0x0000000780a014d0,0x0000000782b00000)
 Metaspace       used 13461K, capacity 13682K, committed 13824K, reserved 1060864K
  class space    used 1639K, capacity 1693K, committed 1792K, reserved 1048576K
Event: 21.362 GC heap after
Heap after GC invocations=124 (full 0):
 PSYoungGen      total 36352K, used 128K [0x00000007aab00000, 0x00000007b4e00000, 0x00000007c0000000)
  eden space 35840K, 0% used [0x00000007aab00000,0x00000007aab00000,0x00000007ace00000)
  from space 512K, 25% used [0x00000007b4d80000,0x00000007b4da0000,0x00000007b4e00000)
  to   space 512K, 0% used [0x00000007b4d00000,0x00000007b4d00000,0x00000007b4d80000)
 ParOldGen       total 44032K, used 10357K [0x0000000780000000, 0x0000000782b00000, 0x00000007aab00000)
  object space 44032K, 23% used [0x0000000780000000,0x0000000780a1d4d0,0x0000000782b00000)
 Metaspace       used 13461K, capacity 13682K, committed 13824K, reserved 1060864K
  class space    used 1639K, capacity 1693K, committed 1792K, reserved 1048576K
}

